<?xml version="1.0" encoding="UTF-8"?>
<testsuite xmlns:xsi="http://www.w3.org/2001/XMLSchema-instance" xsi:noNamespaceSchemaLocation="https://maven.apache.org/surefire/maven-surefire-plugin/xsd/surefire-test-report-3.0.xsd" version="3.0" name="CucumberJavaGlobal.CucumberJavaGlobal.RunCucumberTest" time="45.857" tests="1" errors="0" skipped="0" failures="1">
  <properties>
[...]
</properties>
  <testcase name="The user adds and updates the items in the cart with different sizes and colors" classname="Verify cart functionality for Magento website with multiple items and discounts" time="45.265">
    <failure message="Expected Total is: $116.00 Actual total is: $140.00" type="java.lang.AssertionError"><![CDATA[java.lang.AssertionError: Expected Total is: $116.00 Actual total is: $140.00
	at CucumberJavaGlobal.StepDefinitions.AddToCartStepDefinitions.verifyCartTotal(AddToCartStepDefinitions.java:42)
	at ✽.the cart total is "$116.00"(file:///C:/Users/pramo/OneDrive/Desktop/Selenium/SeleniumCucumber/CucumberJavaGlobal/src/test/resources/CucumberJavaGlobal/CucumberJavaGlobal/Features/Add_To_Cart.feature:14)
]]></failure>
    <system-out><![CDATA[
@cart
Scenario: The user adds and updates the items in the cart with different sizes and colors        # src/test/resources/CucumberJavaGlobal/CucumberJavaGlobal/Features/Add_To_Cart.feature:4
  Given the user is on the magento homepage                                                      # CucumberJavaGlobal.StepDefinitions.AddToCartStepDefinitions.openHomePage()
2023-04-16 23:04:322 INFO  WaitUtil :24 - waiting for element visibilityOf..
2023-04-16 23:04:369 INFO  WaitUtil :28 - element is visible..
2023-04-16 23:04:81 INFO  WaitUtil :24 - waiting for element visibilityOf..
2023-04-16 23:04:683 INFO  WaitUtil :28 - element is visible..
2023-04-16 23:04:964 INFO  WaitUtil :32 - waiting for element invisibility..
2023-04-16 23:04:94 INFO  WaitUtil :36 - element is invisible..
  When the user adds "4" - "Gwyn Endurance Tee" with "Medium" size and "Green" color to the cart # CucumberJavaGlobal.StepDefinitions.AddToCartStepDefinitions.addToCartItem(java.lang.String,java.lang.String,java.lang.String,java.lang.String)
2023-04-16 23:04:22 INFO  WaitUtil :24 - waiting for element visibilityOf..
2023-04-16 23:04:93 INFO  WaitUtil :28 - element is visible..
2023-04-16 23:04:125 INFO  WaitUtil :24 - waiting for element visibilityOf..
2023-04-16 23:04:201 INFO  WaitUtil :28 - element is visible..
2023-04-16 23:04:304 INFO  WaitUtil :32 - waiting for element invisibility..
2023-04-16 23:04:838 INFO  WaitUtil :36 - element is invisible..
2023-04-16 23:04:347 INFO  WaitUtil :24 - waiting for element visibilityOf..
2023-04-16 23:04:402 INFO  WaitUtil :28 - element is visible..
2023-04-16 23:04:402 INFO  WaitUtil :32 - waiting for element invisibility..
2023-04-16 23:04:463 INFO  WaitUtil :36 - element is invisible..
2023-04-16 23:04:464 INFO  WaitUtil :24 - waiting for element visibilityOf..
2023-04-16 23:04:486 INFO  WaitUtil :28 - element is visible..
  And the user selects "United Kingdom" as the delivery address                                  # CucumberJavaGlobal.StepDefinitions.AddToCartStepDefinitions.userCheckOutWithAddress(java.lang.String)
2023-04-16 23:04:533 INFO  WaitUtil :24 - waiting for element visibilityOf..
2023-04-16 23:04:97 INFO  WaitUtil :28 - element is visible..
2023-04-16 23:04:98 INFO  WaitUtil :32 - waiting for element invisibility..
2023-04-16 23:04:644 INFO  WaitUtil :36 - element is invisible..
  Then the cart total is "$92.00"                                                                # CucumberJavaGlobal.StepDefinitions.AddToCartStepDefinitions.verifyCartTotal(java.lang.String)
  And the discount is applied                                                                    # CucumberJavaGlobal.StepDefinitions.AddToCartStepDefinitions.verifyDiscountApplied()
2023-04-16 23:04:686 INFO  WaitUtil :32 - waiting for element invisibility..
2023-04-16 23:04:705 INFO  WaitUtil :36 - element is invisible..
2023-04-16 23:04:434 INFO  WaitUtil :24 - waiting for element visibilityOf..
2023-04-16 23:04:482 INFO  WaitUtil :28 - element is visible..
2023-04-16 23:04:483 INFO  WaitUtil :24 - waiting for element visibilityOf..
2023-04-16 23:04:65 INFO  WaitUtil :28 - element is visible..
2023-04-16 23:04:109 INFO  WaitUtil :24 - waiting for element visibilityOf..
2023-04-16 23:04:148 INFO  WaitUtil :28 - element is visible..
2023-04-16 23:04:141 INFO  WaitUtil :32 - waiting for element invisibility..
2023-04-16 23:04:170 INFO  WaitUtil :36 - element is invisible..
  When the user updates the quantity of "Gwyn Endurance Tee" to "3"                              # CucumberJavaGlobal.StepDefinitions.AddToCartStepDefinitions.updateTheQuantityOfProduct(java.lang.String,java.lang.String)
2023-04-16 23:04:474 INFO  WaitUtil :24 - waiting for element visibilityOf..
2023-04-16 23:04:522 INFO  WaitUtil :28 - element is visible..
2023-04-16 23:04:448 INFO  WaitUtil :24 - waiting for element visibilityOf..
2023-04-16 23:04:07 INFO  WaitUtil :28 - element is visible..
2023-04-16 23:04:270 INFO  WaitUtil :32 - waiting for element invisibility..
2023-04-16 23:04:394 INFO  WaitUtil :36 - element is invisible..
  And the user adds "1" - "Gwyn Endurance Tee" with "Small" size and "Yellow" color to the cart  # CucumberJavaGlobal.StepDefinitions.AddToCartStepDefinitions.addToCartItem(java.lang.String,java.lang.String,java.lang.String,java.lang.String)
2023-04-16 23:04:205 INFO  WaitUtil :24 - waiting for element visibilityOf..
2023-04-16 23:04:264 INFO  WaitUtil :28 - element is visible..
2023-04-16 23:04:268 INFO  WaitUtil :32 - waiting for element invisibility..
2023-04-16 23:04:932 INFO  WaitUtil :36 - element is invisible..
  And the user adds "1" - "Quest Lumaflex™ Band" to the cart                                     # CucumberJavaGlobal.StepDefinitions.AddToCartStepDefinitions.addToCartItem(java.lang.String,java.lang.String)
2023-04-16 23:04:260 INFO  WaitUtil :24 - waiting for element visibilityOf..
2023-04-16 23:04:795 INFO  WaitUtil :28 - element is visible..
2023-04-16 23:04:496 INFO  WaitUtil :24 - waiting for element visibilityOf..
2023-04-16 23:04:147 INFO  WaitUtil :28 - element is visible..
  And the user navigates to checkout page                                                        # CucumberJavaGlobal.StepDefinitions.AddToCartStepDefinitions.navigateToCheckoutPage()
2023-04-16 23:04:199 INFO  WaitUtil :24 - waiting for element visibilityOf..
2023-04-16 23:04:767 INFO  WaitUtil :28 - element is visible..
2023-04-16 23:04:768 INFO  WaitUtil :32 - waiting for element invisibility..
2023-04-16 23:04:378 INFO  WaitUtil :36 - element is invisible..
2023-04-16 23:04:399 INFO  WaitUtil :24 - waiting for element visibilityOf..
2023-04-16 23:04:417 INFO  WaitUtil :28 - element is visible..
2023-04-16 23:04:417 INFO  WaitUtil :32 - waiting for element invisibility..
2023-04-16 23:04:434 INFO  WaitUtil :36 - element is invisible..
  Then the cart total is "$116.00"                                                               # CucumberJavaGlobal.StepDefinitions.AddToCartStepDefinitions.verifyCartTotal(java.lang.String)
      java.lang.AssertionError: Expected Total is: $116.00 Actual total is: $140.00
	at CucumberJavaGlobal.StepDefinitions.AddToCartStepDefinitions.verifyCartTotal(AddToCartStepDefinitions.java:42)
	at ✽.the cart total is "$116.00"(file:///C:/Users/pramo/OneDrive/Desktop/Selenium/SeleniumCucumber/CucumberJavaGlobal/src/test/resources/CucumberJavaGlobal/CucumberJavaGlobal/Features/Add_To_Cart.feature:14)

2023-04-16 23:04:454 INFO  ServiceHooks :34 - The user adds and updates the items in the cart with different sizes and colors is Failed

    Embedding The user adds and updates the items in the cart with different sizes and colors [image/png 76440 bytes]

]]></system-out>
    <system-err><![CDATA[264 [main] INFO io.github.bonigarcia.wdm.WebDriverManager - Using chromedriver 111.0.5563.64 (resolved driver for Chrome 111)
291 [main] INFO io.github.bonigarcia.wdm.WebDriverManager - Exporting webdriver.chrome.driver as C:\Users\pramo\.cache\selenium\chromedriver\win32\111.0.5563.64\chromedriver.exe
Starting ChromeDriver 111.0.5563.64 (c710e93d5b63b7095afe8c2c17df34408078439d-refs/branch-heads/5563@{#995}) on port 42115
Only local connections are allowed.
Please see https://chromedriver.chromium.org/security-considerations for suggestions on keeping ChromeDriver safe.
ChromeDriver was started successfully.
]]></system-err>
  </testcase>
</testsuite>